2022-07-08 14:56:45,738 [main] INFO  tryds - this is running
2022-07-08 17:50:30,252 [main] ERROR com.em2m.automation.base.TestBase - Exception ::null value in entry: url=null
2022-07-08 17:50:40,482 [main] ERROR com.em2m.automation.base.TestBase - Exception ::null value in entry: url=null
2022-07-08 17:51:15,707 [main] ERROR com.em2m.automation.base.TestBase - Exception ::null value in entry: url=null
2022-07-08 17:53:11,979 [main] ERROR com.em2m.automation.base.TestBase - Exception ::null value in entry: url=null
2022-07-08 20:29:58,826 [main] INFO  com.em2m.automation.base.TestBase - launching the URL
2022-07-08 20:30:05,794 [main] INFO  com.em2m.automation.base.TestBase - launching the URL
2022-07-08 20:30:10,299 [main] INFO  com.em2m.automation.base.TestBase - Verified the page is  loaded
2022-07-08 20:30:12,461 [main] INFO  com.em2m.automation.base.TestBase - launching the URL
2022-07-08 20:30:16,230 [main] INFO  com.em2m.automation.base.TestBase - Verified the page is  loaded
2022-07-08 20:30:29,974 [main] INFO  com.em2m.automation.base.TestBase - launching the URL
2022-07-08 20:30:35,813 [main] INFO  com.em2m.automation.base.TestBase - Verified the page is  loaded
2022-07-08 20:30:38,035 [main] INFO  com.em2m.automation.base.TestBase - Verified the page is  loaded
2022-07-08 20:31:03,540 [main] INFO  com.em2m.automation.base.TestBase - launching the URL
2022-07-08 20:31:10,279 [main] INFO  com.em2m.automation.base.TestBase - Verified the page is  loaded
2022-07-08 20:31:11,871 [main] INFO  com.em2m.automation.base.TestBase - Verified the page is  loaded
2022-07-08 20:31:11,974 [main] INFO  com.em2m.automation.base.TestBase - trying to login with invalid credentials
2022-07-08 20:31:13,537 [main] INFO  com.em2m.automation.base.TestBase - verifying the error message
2022-07-08 20:31:14,353 [main] INFO  com.em2m.automation.base.TestBase - Verified the page is  loaded
2022-07-08 20:31:14,477 [main] INFO  com.em2m.automation.base.TestBase - trying to login with valid credentials
2022-07-08 20:31:15,861 [main] INFO  com.em2m.automation.base.TestBase - verifying the user is successfully login
2022-07-11 12:46:46,907 [main] INFO  com.em2m.automation.base.TestBase - launching the URL
2022-07-11 12:46:52,365 [main] INFO  com.em2m.automation.base.TestBase - Verified the page is  loaded
2022-07-11 12:46:54,695 [main] INFO  com.em2m.automation.base.TestBase - Verified the page is  loaded
2022-07-11 12:46:54,868 [main] INFO  com.em2m.automation.base.TestBase - trying to login with invalid credentials
2022-07-11 12:46:56,423 [main] INFO  com.em2m.automation.base.TestBase - verifying the error message
2022-07-11 12:46:57,251 [main] INFO  com.em2m.automation.base.TestBase - Verified the page is  loaded
2022-07-11 12:46:57,376 [main] INFO  com.em2m.automation.base.TestBase - trying to login with valid credentials
2022-07-11 12:46:58,819 [main] INFO  com.em2m.automation.base.TestBase - verifying the user is successfully login
2022-07-11 12:48:00,671 [main] INFO  com.em2m.automation.base.TestBase - launching the URL
2022-07-11 12:48:06,120 [main] INFO  com.em2m.automation.base.TestBase - Verified the page is  loaded
2022-07-11 12:48:07,618 [main] INFO  com.em2m.automation.base.TestBase - Verified the page is  loaded
2022-07-11 12:48:07,725 [main] INFO  com.em2m.automation.base.TestBase - trying to login with invalid credentials
2022-07-11 12:48:09,216 [main] INFO  com.em2m.automation.base.TestBase - verifying the error message
2022-07-11 12:48:10,062 [main] INFO  com.em2m.automation.base.TestBase - Verified the page is  loaded
2022-07-11 12:48:10,203 [main] INFO  com.em2m.automation.base.TestBase - trying to login with valid credentials
2022-07-11 12:48:11,637 [main] INFO  com.em2m.automation.base.TestBase - verifying the user is successfully login
2022-07-11 12:54:01,208 [main] INFO  com.em2m.automation.base.TestBase - launching the URL
2022-07-11 12:54:06,570 [main] INFO  com.em2m.automation.base.TestBase - Verified the page is  loaded
2022-07-11 12:54:08,824 [main] INFO  com.em2m.automation.base.TestBase - Verified the page is  loaded
2022-07-11 12:54:08,936 [main] INFO  com.em2m.automation.base.TestBase - trying to login with invalid credentials
2022-07-11 12:54:10,498 [main] INFO  com.em2m.automation.base.TestBase - verifying the error message
2022-07-11 12:54:11,267 [main] INFO  com.em2m.automation.base.TestBase - Verified the page is  loaded
2022-07-11 12:54:11,392 [main] INFO  com.em2m.automation.base.TestBase - trying to login with valid credentials
2022-07-11 12:54:12,770 [main] INFO  com.em2m.automation.base.TestBase - verifying the user is successfully login
2022-07-11 12:56:52,991 [main] INFO  com.em2m.automation.base.TestBase - launching the URL
2022-07-11 12:56:58,328 [main] INFO  com.em2m.automation.base.TestBase - Verified the page is  loaded
2022-07-11 12:56:59,740 [main] INFO  com.em2m.automation.base.TestBase - Verified the page is  loaded
2022-07-11 12:56:59,845 [main] INFO  com.em2m.automation.base.TestBase - trying to login with invalid credentials
2022-07-11 12:57:01,325 [main] INFO  com.em2m.automation.base.TestBase - verifying the error message
2022-07-11 12:57:02,165 [main] INFO  com.em2m.automation.base.TestBase - Verified the page is  loaded
2022-07-11 12:57:02,305 [main] INFO  com.em2m.automation.base.TestBase - trying to login with valid credentials
2022-07-11 12:57:03,710 [main] INFO  com.em2m.automation.base.TestBase - verifying the user is successfully login
2022-07-11 12:58:18,230 [main] INFO  com.em2m.automation.base.TestBase - launching the URL
2022-07-11 12:58:23,996 [main] INFO  com.em2m.automation.base.TestBase - Verified the page is  loaded
2022-07-11 12:58:26,137 [main] INFO  com.em2m.automation.base.TestBase - Verified the page is  loaded
2022-07-11 12:58:41,393 [main] INFO  com.em2m.automation.base.TestBase - Verified the page is  loaded
2022-07-11 13:02:50,815 [main] INFO  com.em2m.automation.base.TestBase - launching the URL
2022-07-11 13:02:54,448 [main] INFO  com.em2m.automation.base.TestBase - Verified the page is  loaded
2022-07-11 13:02:55,433 [main] INFO  com.em2m.automation.base.TestBase - Verified the page is  loaded
2022-07-11 13:02:55,461 [main] INFO  com.em2m.automation.base.TestBase - Verified the page is  loaded
2022-07-11 13:09:15,506 [main] INFO  com.em2m.automation.base.TestBase - launching the URL
2022-07-11 13:09:20,831 [main] INFO  com.em2m.automation.base.TestBase - Verified the page is  loaded
2022-07-11 13:09:23,694 [main] INFO  com.em2m.automation.base.TestBase - Verified the page is  loaded
2022-07-11 13:09:36,550 [main] INFO  com.em2m.automation.base.TestBase - launching the URL
2022-07-11 13:09:41,733 [main] INFO  com.em2m.automation.base.TestBase - Verified the page is  loaded
2022-07-11 13:09:43,992 [main] INFO  com.em2m.automation.base.TestBase - Verified the page is  loaded
2022-07-11 13:09:44,099 [main] INFO  com.em2m.automation.base.TestBase - trying to login with invalid credentials
2022-07-11 13:09:45,630 [main] INFO  com.em2m.automation.base.TestBase - verifying the error message
2022-07-11 13:09:46,474 [main] INFO  com.em2m.automation.base.TestBase - Verified the page is  loaded
2022-07-11 13:09:46,600 [main] INFO  com.em2m.automation.base.TestBase - trying to login with valid credentials
2022-07-11 13:09:48,034 [main] INFO  com.em2m.automation.base.TestBase - verifying the user is successfully login
2022-07-11 13:13:17,245 [main] INFO  com.em2m.automation.base.TestBase - launching the URL
2022-07-11 13:13:23,112 [main] INFO  com.em2m.automation.base.TestBase - Verified the page is  loaded
2022-07-11 13:13:24,531 [main] INFO  com.em2m.automation.base.TestBase - Verified the page is  loaded
2022-07-11 13:13:24,644 [main] INFO  com.em2m.automation.base.TestBase - trying to login with invalid credentials
2022-07-11 13:13:26,150 [main] INFO  com.em2m.automation.base.TestBase - verifying the error message
2022-07-11 13:13:26,963 [main] INFO  com.em2m.automation.base.TestBase - Verified the page is  loaded
2022-07-11 13:13:27,133 [main] INFO  com.em2m.automation.base.TestBase - trying to login with valid credentials
2022-07-11 13:13:28,539 [main] INFO  com.em2m.automation.base.TestBase - verifying the user is successfully login
2022-07-11 13:16:49,627 [main] INFO  com.em2m.automation.base.TestBase - launching the URL
2022-07-11 13:17:35,452 [main] INFO  com.em2m.automation.base.TestBase - Verified the page is  loaded
2022-07-11 13:17:45,099 [main] INFO  com.em2m.automation.base.TestBase - Verified the page is  loaded
2022-07-11 13:19:35,855 [main] INFO  com.em2m.automation.base.TestBase - trying to login with invalid credentials
2022-07-11 13:20:37,081 [main] INFO  com.em2m.automation.base.TestBase - launching the URL
2022-07-11 13:26:01,194 [main] INFO  com.em2m.automation.base.TestBase - launching the URL
2022-07-11 13:26:53,405 [main] INFO  com.em2m.automation.base.TestBase - Verified the page is  loaded
2022-07-11 13:28:36,967 [main] INFO  com.em2m.automation.base.TestBase - Verified the page is  loaded
2022-07-11 13:29:09,970 [main] INFO  com.em2m.automation.base.TestBase - trying to login with invalid credentials
2022-07-11 13:29:12,650 [main] INFO  com.em2m.automation.base.TestBase - verifying the error message
2022-07-11 13:29:13,921 [main] INFO  com.em2m.automation.base.TestBase - Verified the page is  loaded
2022-07-11 13:29:14,029 [main] INFO  com.em2m.automation.base.TestBase - trying to login with valid credentials
2022-07-11 13:29:15,436 [main] INFO  com.em2m.automation.base.TestBase - verifying the user is successfully login
2022-07-11 13:41:51,839 [main] INFO  com.em2m.automation.base.TestBase - launching the URL
2022-07-11 13:41:57,518 [main] INFO  com.em2m.automation.base.TestBase - Verified the page is  loaded
2022-07-11 13:41:59,848 [main] INFO  com.em2m.automation.base.TestBase - Verified the page is  loaded
2022-07-11 13:41:59,975 [main] INFO  com.em2m.automation.base.TestBase - trying to login with invalid credentials
2022-07-11 13:42:01,511 [main] INFO  com.em2m.automation.base.TestBase - verifying the error message
2022-07-11 13:42:02,780 [main] INFO  com.em2m.automation.base.TestBase - Verified the page is  loaded
2022-07-11 13:42:02,925 [main] INFO  com.em2m.automation.base.TestBase - trying to login with valid credentials
2022-07-11 13:42:04,335 [main] INFO  com.em2m.automation.base.TestBase - verifying the user is successfully login
2022-07-11 13:44:25,286 [main] INFO  com.em2m.automation.base.TestBase - launching the URL
2022-07-11 13:44:30,992 [main] INFO  com.em2m.automation.base.TestBase - Verified the page is  loaded
2022-07-11 13:44:32,442 [main] INFO  com.em2m.automation.base.TestBase - Verified the page is  loaded
2022-07-11 13:44:32,532 [main] INFO  com.em2m.automation.base.TestBase - trying to login with invalid credentials
2022-07-11 13:44:34,001 [main] INFO  com.em2m.automation.base.TestBase - verifying the error message
2022-07-11 13:44:35,207 [main] INFO  com.em2m.automation.base.TestBase - Verified the page is  loaded
2022-07-11 13:44:35,346 [main] INFO  com.em2m.automation.base.TestBase - trying to login with valid credentials
2022-07-11 13:44:36,811 [main] INFO  com.em2m.automation.base.TestBase - verifying the user is successfully login
2022-07-11 14:10:20,512 [main] INFO  com.em2m.automation.base.TestBase - launching the URL
2022-07-11 14:10:26,904 [main] INFO  com.em2m.automation.base.TestBase - Verified the page is  loaded
2022-07-11 14:10:29,271 [main] INFO  com.em2m.automation.base.TestBase - Verified the page is  loaded
2022-07-11 14:10:29,401 [main] INFO  com.em2m.automation.base.TestBase - trying to login with invalid credentials
2022-07-11 14:10:31,030 [main] INFO  com.em2m.automation.base.TestBase - verifying the error message
2022-07-11 14:10:32,538 [main] INFO  com.em2m.automation.base.TestBase - Verified the page is  loaded
2022-07-11 14:10:32,681 [main] INFO  com.em2m.automation.base.TestBase - trying to login with valid credentials
2022-07-11 14:10:34,062 [main] INFO  com.em2m.automation.base.TestBase - verifying the user is successfully login
2022-07-11 14:11:39,907 [main] INFO  com.em2m.automation.base.TestBase - launching the URL
2022-07-11 14:11:45,727 [main] INFO  com.em2m.automation.base.TestBase - Verified the page is  loaded
2022-07-11 14:11:47,206 [main] INFO  com.em2m.automation.base.TestBase - Verified the page is  loaded
2022-07-11 14:11:47,336 [main] INFO  com.em2m.automation.base.TestBase - trying to login with invalid credentials
2022-07-11 14:11:48,783 [main] INFO  com.em2m.automation.base.TestBase - verifying the error message
2022-07-11 14:11:50,375 [main] INFO  com.em2m.automation.base.TestBase - Verified the page is  loaded
2022-07-11 14:11:50,488 [main] INFO  com.em2m.automation.base.TestBase - trying to login with valid credentials
2022-07-11 14:11:52,827 [main] INFO  com.em2m.automation.base.TestBase - verifying the user is successfully login
2022-07-11 14:39:25,807 [main] INFO  com.em2m.automation.base.TestBase - launching the URL
2022-07-11 14:39:31,653 [main] INFO  com.em2m.automation.base.TestBase - Verified the page is  loaded
2022-07-11 14:39:33,138 [main] INFO  com.em2m.automation.base.TestBase - Verified the page is  loaded
2022-07-11 14:39:33,230 [main] INFO  com.em2m.automation.base.TestBase - trying to login with invalid credentials
2022-07-11 14:39:34,706 [main] INFO  com.em2m.automation.base.TestBase - verifying the error message
2022-07-11 14:39:35,811 [main] INFO  com.em2m.automation.base.TestBase - Verified the page is  loaded
2022-07-11 14:39:35,944 [main] INFO  com.em2m.automation.base.TestBase - trying to login with valid credentials
2022-07-11 14:39:37,394 [main] INFO  com.em2m.automation.base.TestBase - verifying the user is successfully login
2022-07-11 14:43:25,172 [main] INFO  com.em2m.automation.base.TestBase - launching the URL
2022-07-11 14:43:30,497 [main] INFO  com.em2m.automation.base.TestBase - Verified the page is  loaded
2022-07-11 14:43:32,694 [main] INFO  com.em2m.automation.base.TestBase - Verified the page is  loaded
2022-07-11 14:43:32,792 [main] INFO  com.em2m.automation.base.TestBase - trying to login with invalid credentials
2022-07-11 14:43:34,334 [main] INFO  com.em2m.automation.base.TestBase - verifying the error message
2022-07-11 14:43:35,547 [main] INFO  com.em2m.automation.base.TestBase - Verified the page is  loaded
2022-07-11 14:43:35,633 [main] INFO  com.em2m.automation.base.TestBase - trying to login with valid credentials
2022-07-11 14:43:36,966 [main] INFO  com.em2m.automation.base.TestBase - verifying the user is successfully login
2022-07-11 14:44:21,669 [main] INFO  com.em2m.automation.base.TestBase - launching the URL
2022-07-11 14:44:27,509 [main] INFO  com.em2m.automation.base.TestBase - Verified the page is  loaded
2022-07-11 14:44:29,019 [main] INFO  com.em2m.automation.base.TestBase - Verified the page is  loaded
2022-07-11 14:44:29,111 [main] INFO  com.em2m.automation.base.TestBase - trying to login with invalid credentials
2022-07-11 14:44:30,877 [main] INFO  com.em2m.automation.base.TestBase - verifying the error message
2022-07-11 14:44:32,793 [main] INFO  com.em2m.automation.base.TestBase - Verified the page is  loaded
2022-07-11 14:44:32,904 [main] INFO  com.em2m.automation.base.TestBase - trying to login with valid credentials
2022-07-11 14:44:34,272 [main] INFO  com.em2m.automation.base.TestBase - verifying the user is successfully login
2022-07-11 14:49:19,083 [main] INFO  com.em2m.automation.base.TestBase - launching the URL
2022-07-11 14:49:24,972 [main] INFO  com.em2m.automation.base.TestBase - Verified the page is  loaded
2022-07-11 14:49:27,091 [main] INFO  com.em2m.automation.base.TestBase - Verified the page is  loaded
2022-07-11 14:49:27,180 [main] INFO  com.em2m.automation.base.TestBase - trying to login with invalid credentials
2022-07-11 14:49:28,677 [main] INFO  com.em2m.automation.base.TestBase - verifying the error message
2022-07-11 14:49:29,721 [main] INFO  com.em2m.automation.base.TestBase - Verified the page is  loaded
2022-07-11 14:49:29,806 [main] INFO  com.em2m.automation.base.TestBase - trying to login with valid credentials
2022-07-11 14:49:31,158 [main] INFO  com.em2m.automation.base.TestBase - verifying the user is successfully login
2022-07-11 15:10:35,145 [main] INFO  com.em2m.automation.base.TestBase - launching the URL
2022-07-11 15:10:41,219 [main] INFO  com.em2m.automation.base.TestBase - Verified the page is  loaded
2022-07-11 15:10:43,496 [main] INFO  com.em2m.automation.base.TestBase - Verified the page is  loaded
2022-07-11 15:10:43,615 [main] INFO  com.em2m.automation.base.TestBase - trying to login with invalid credentials
2022-07-11 15:10:45,190 [main] INFO  com.em2m.automation.base.TestBase - verifying the error message
2022-07-11 15:10:46,722 [main] INFO  com.em2m.automation.base.TestBase - Verified the page is  loaded
2022-07-11 15:10:46,851 [main] INFO  com.em2m.automation.base.TestBase - trying to login with valid credentials
2022-07-11 15:10:48,287 [main] INFO  com.em2m.automation.base.TestBase - verifying the user is successfully login
2022-07-11 15:11:48,842 [main] INFO  com.em2m.automation.base.TestBase - launching the URL
2022-07-11 15:11:54,565 [main] INFO  com.em2m.automation.base.TestBase - Verified the page is  loaded
2022-07-11 15:11:56,748 [main] INFO  com.em2m.automation.base.TestBase - Verified the page is  loaded
2022-07-11 15:11:56,850 [main] INFO  com.em2m.automation.base.TestBase - trying to login with invalid credentials
2022-07-11 15:11:58,439 [main] INFO  com.em2m.automation.base.TestBase - verifying the error message
2022-07-11 15:12:00,326 [main] INFO  com.em2m.automation.base.TestBase - Verified the page is  loaded
2022-07-11 15:12:00,471 [main] INFO  com.em2m.automation.base.TestBase - trying to login with valid credentials
2022-07-11 15:12:01,880 [main] INFO  com.em2m.automation.base.TestBase - verifying the user is successfully login
2022-07-11 15:28:55,636 [main] INFO  com.em2m.automation.base.TestBase - launching the URL
2022-07-11 15:29:01,646 [main] INFO  com.em2m.automation.base.TestBase - Verified the page is  loaded
2022-07-11 15:29:03,172 [main] INFO  com.em2m.automation.base.TestBase - Verified the page is  loaded
2022-07-11 15:29:03,279 [main] INFO  com.em2m.automation.base.TestBase - trying to login with invalid credentials
2022-07-11 15:29:04,764 [main] INFO  com.em2m.automation.base.TestBase - verifying the error message
2022-07-11 15:29:05,892 [main] INFO  com.em2m.automation.base.TestBase - Verified the page is  loaded
2022-07-11 15:29:06,013 [main] INFO  com.em2m.automation.base.TestBase - trying to login with valid credentials
2022-07-11 15:29:07,465 [main] INFO  com.em2m.automation.base.TestBase - verifying the user is successfully login
2022-07-11 18:18:09,803 [main] INFO  com.em2m.automation.base.TestBase - launching the URL
2022-07-11 18:18:15,811 [main] INFO  com.em2m.automation.base.TestBase - Verified the page is  loaded
2022-07-11 18:18:17,278 [main] INFO  com.em2m.automation.base.TestBase - Verified the page is  loaded
2022-07-11 18:18:17,382 [main] INFO  com.em2m.automation.base.TestBase - trying to login with invalid credentials
2022-07-11 18:18:18,981 [main] INFO  com.em2m.automation.base.TestBase - verifying the error message
2022-07-11 18:18:20,480 [main] INFO  com.em2m.automation.base.TestBase - Verified the page is  loaded
2022-07-11 18:18:20,585 [main] INFO  com.em2m.automation.base.TestBase - trying to login with valid credentials
2022-07-11 18:18:22,070 [main] INFO  com.em2m.automation.base.TestBase - verifying the user is successfully login
2022-07-11 18:18:28,655 [main] INFO  com.em2m.automation.base.TestBase - launching the URL
2022-07-11 18:18:33,382 [main] INFO  com.em2m.automation.base.TestBase - Clicking on Root Button On Header to navigating to Root Page
2022-07-11 18:22:36,364 [main] INFO  com.em2m.automation.base.TestBase - launching the URL
2022-07-11 18:22:42,421 [main] INFO  com.em2m.automation.base.TestBase - Verified the page is  loaded
2022-07-11 18:22:45,429 [main] INFO  com.em2m.automation.base.TestBase - Clicking on Root Button On Header to navigating to Root Page
2022-07-11 18:25:40,646 [main] INFO  com.em2m.automation.base.TestBase - launching the URL
2022-07-11 18:25:47,457 [main] INFO  com.em2m.automation.base.TestBase - Verified the page is  loaded
2022-07-11 18:25:51,116 [main] INFO  com.em2m.automation.base.TestBase - Clicking on Root Button On Header to navigating to Root Page
2022-07-11 18:34:32,253 [main] INFO  com.em2m.automation.base.TestBase - launching the URL
2022-07-11 18:34:38,827 [main] INFO  com.em2m.automation.base.TestBase - Verified the page is  loaded
2022-07-11 18:34:42,886 [main] INFO  com.em2m.automation.base.TestBase - Clicking on Root Button On Header to navigating to Root Page
2022-07-11 18:38:57,937 [main] INFO  com.em2m.automation.base.TestBase - launching the URL
2022-07-11 18:39:03,520 [main] INFO  com.em2m.automation.base.TestBase - Verified the page is  loaded
2022-07-11 18:39:06,527 [main] INFO  com.em2m.automation.base.TestBase - Clicking on Root Button On Header to navigating to Root Page
2022-07-11 18:40:52,932 [main] INFO  com.em2m.automation.base.TestBase - launching the URL
2022-07-11 18:40:58,632 [main] INFO  com.em2m.automation.base.TestBase - Verified the page is  loaded
2022-07-11 18:41:01,713 [main] INFO  com.em2m.automation.base.TestBase - Clicking on Root Button On Header to navigating to Root Page
2022-07-11 18:43:06,092 [main] INFO  com.em2m.automation.base.TestBase - launching the URL
2022-07-11 18:43:12,421 [main] INFO  com.em2m.automation.base.TestBase - Verified the page is  loaded
2022-07-11 18:43:17,130 [main] INFO  com.em2m.automation.base.TestBase - Clicking on Root Button On Header to navigating to Root Page
2022-07-11 18:48:35,565 [main] INFO  com.em2m.automation.base.TestBase - launching the URL
2022-07-11 18:48:41,280 [main] INFO  com.em2m.automation.base.TestBase - Verified the page is  loaded
2022-07-11 18:48:44,920 [main] INFO  com.em2m.automation.base.TestBase - Clicking on Root Button On Header to navigating to Root Page
2022-07-11 18:50:22,622 [main] INFO  com.em2m.automation.base.TestBase - launching the URL
2022-07-11 18:50:28,666 [main] INFO  com.em2m.automation.base.TestBase - Verified the page is  loaded
2022-07-11 18:50:31,672 [main] INFO  com.em2m.automation.base.TestBase - Clicking on Root Button On Header to navigating to Root Page
2022-07-11 18:51:17,741 [main] INFO  com.em2m.automation.base.TestBase - launching the URL
2022-07-11 18:51:23,956 [main] INFO  com.em2m.automation.base.TestBase - Verified the page is  loaded
2022-07-11 18:51:26,926 [main] INFO  com.em2m.automation.base.TestBase - Clicking on Root Button On Header to navigating to Root Page
2022-07-11 18:56:12,362 [main] INFO  com.em2m.automation.base.TestBase - launching the URL
2022-07-11 18:56:20,765 [main] INFO  com.em2m.automation.base.TestBase - Verified the page is  loaded
2022-07-11 18:56:24,451 [main] INFO  com.em2m.automation.base.TestBase - Clicking on Root Button On Header to navigating to Root Page
2022-07-11 19:00:09,465 [main] INFO  com.em2m.automation.base.TestBase - launching the URL
2022-07-11 19:00:15,159 [main] INFO  com.em2m.automation.base.TestBase - Verified the page is  loaded
2022-07-11 19:06:50,069 [main] INFO  com.em2m.automation.base.TestBase - launching the URL
2022-07-11 19:06:55,985 [main] INFO  com.em2m.automation.base.TestBase - Verified the page is  loaded
2022-07-11 19:06:59,418 [main] INFO  com.em2m.automation.base.TestBase - Clicking on Root Button On Header to navigating to Root Page
2022-07-11 19:09:45,609 [main] INFO  com.em2m.automation.base.TestBase - launching the URL
2022-07-11 19:09:51,827 [main] INFO  com.em2m.automation.base.TestBase - Verified the page is  loaded
2022-07-11 19:09:55,753 [main] INFO  com.em2m.automation.base.TestBase - Clicking on Root Button On Header to navigating to Root Page
2022-07-11 19:25:28,673 [main] INFO  com.em2m.automation.base.TestBase - launching the URL
2022-07-11 19:25:34,702 [main] INFO  com.em2m.automation.base.TestBase - Verified the page is  loaded
2022-07-11 19:25:37,699 [main] INFO  com.em2m.automation.base.TestBase - Clicking on Root Button On Header to navigating to Root Page
2022-07-11 19:27:47,333 [main] INFO  com.em2m.automation.base.TestBase - launching the URL
2022-07-11 19:27:53,841 [main] INFO  com.em2m.automation.base.TestBase - Verified the page is  loaded
2022-07-11 19:27:57,349 [main] INFO  com.em2m.automation.base.TestBase - Clicking on Root Button On Header to navigating to Root Page
2022-07-11 19:45:03,675 [main] INFO  com.em2m.automation.base.TestBase - launching the URL
2022-07-11 19:45:09,408 [main] INFO  com.em2m.automation.base.TestBase - Verified the page is  loaded
2022-07-11 19:45:12,405 [main] INFO  com.em2m.automation.base.TestBase - Clicking on Root Button On Header to navigating to Root Page
2022-07-11 19:46:01,524 [main] INFO  com.em2m.automation.base.TestBase - launching the URL
2022-07-11 19:46:07,184 [main] INFO  com.em2m.automation.base.TestBase - Verified the page is  loaded
2022-07-11 19:46:10,187 [main] INFO  com.em2m.automation.base.TestBase - Clicking on Root Button On Header to navigating to Root Page
2022-07-11 19:46:44,464 [main] INFO  com.em2m.automation.base.TestBase - Clicking on hamburger button
2022-07-11 19:48:37,447 [main] INFO  com.em2m.automation.base.TestBase - launching the URL
2022-07-11 19:48:43,624 [main] INFO  com.em2m.automation.base.TestBase - Verified the page is  loaded
2022-07-11 19:48:47,737 [main] INFO  com.em2m.automation.base.TestBase - Clicking on Root Button On Header to navigating to Root Page
2022-07-11 19:48:56,342 [main] INFO  com.em2m.automation.base.TestBase - Clicking on hamburger button
2022-07-12 11:12:52,806 [main] INFO  com.em2m.automation.base.TestBase - launching the URL
2022-07-12 11:12:58,898 [main] INFO  com.em2m.automation.base.TestBase - Verified the page is  loaded
2022-07-12 11:13:01,083 [main] INFO  com.em2m.automation.base.TestBase - Verified the page is  loaded
2022-07-12 11:13:01,247 [main] INFO  com.em2m.automation.base.TestBase - trying to login with invalid credentials
2022-07-12 11:13:02,881 [main] INFO  com.em2m.automation.base.TestBase - verifying the error message
2022-07-12 11:13:03,886 [main] INFO  com.em2m.automation.base.TestBase - Verified the page is  loaded
2022-07-12 11:13:04,016 [main] INFO  com.em2m.automation.base.TestBase - trying to login with valid credentials
2022-07-12 11:13:05,547 [main] INFO  com.em2m.automation.base.TestBase - verifying the user is successfully login
2022-07-12 11:13:11,590 [main] INFO  com.em2m.automation.base.TestBase - launching the URL
2022-07-12 11:13:14,694 [main] INFO  com.em2m.automation.base.TestBase - Verified the page is  loaded
2022-07-12 11:13:17,569 [main] INFO  com.em2m.automation.base.TestBase - Clicking on Root Button On Header to navigating to Root Page
2022-07-12 11:13:25,852 [main] INFO  com.em2m.automation.base.TestBase - Clicking on hamburger button
2022-07-12 12:49:18,973 [main] INFO  com.em2m.automation.base.TestBase - Verified the page is  loaded
2022-07-12 12:49:19,197 [main] ERROR com.em2m.automation.utility.SelenideUtil - Step got failed while check the visibility of element { By.id: username }
2022-07-12 12:49:19,197 [main] ERROR com.em2m.automation.utility.SelenideUtil - Step got failed while check the visibility of element { By.id: password }
2022-07-12 12:49:19,206 [main] ERROR com.em2m.automation.utility.SelenideUtil - Step got failed while check the visibility of element { By.className: form-login-button }
2022-07-12 12:49:19,298 [main] INFO  com.em2m.automation.base.TestBase - Verified the page is  loaded
2022-07-12 12:49:19,299 [main] ERROR com.em2m.automation.utility.SelenideUtil - Step got failed while check the visibility of element { By.id: username }
2022-07-12 12:49:19,301 [main] ERROR com.em2m.automation.utility.SelenideUtil - Step got failed while check the visibility of element { By.id: password }
2022-07-12 12:49:19,301 [main] ERROR com.em2m.automation.utility.SelenideUtil - Step got failed while check the visibility of element { By.className: form-login-button }
2022-07-12 12:55:17,067 [main] INFO  com.em2m.automation.base.TestBase - launching the URL
2022-07-12 12:55:24,196 [main] INFO  com.em2m.automation.base.TestBase - Verified the page is  loaded
2022-07-12 12:55:26,618 [main] INFO  com.em2m.automation.base.TestBase - Verified the page is  loaded
2022-07-12 12:55:26,810 [main] INFO  com.em2m.automation.base.TestBase - trying to login with invalid credentials
2022-07-12 12:55:28,462 [main] INFO  com.em2m.automation.base.TestBase - verifying the error message
2022-07-12 12:55:29,308 [main] INFO  com.em2m.automation.base.TestBase - Verified the page is  loaded
2022-07-12 12:55:29,439 [main] INFO  com.em2m.automation.base.TestBase - trying to login with valid credentials
2022-07-12 12:55:30,903 [main] INFO  com.em2m.automation.base.TestBase - verifying the user is successfully login
2022-07-12 12:55:37,651 [main] INFO  com.em2m.automation.base.TestBase - launching the URL
2022-07-12 12:56:19,443 [main] INFO  com.em2m.automation.base.TestBase - launching the URL
2022-07-12 12:56:29,752 [main] INFO  com.em2m.automation.base.TestBase - Verified the page is  loaded
2022-07-12 12:56:31,433 [main] INFO  com.em2m.automation.base.TestBase - Clicking on Root Button On Header to navigating to Root Page
2022-07-12 12:56:45,899 [main] INFO  com.em2m.automation.base.TestBase - Clicking on hamburger button
2022-07-12 12:58:35,325 [main] INFO  com.em2m.automation.base.TestBase - launching the URL
2022-07-12 12:58:41,383 [main] INFO  com.em2m.automation.base.TestBase - Verified the page is  loaded
2022-07-12 12:58:42,848 [main] INFO  com.em2m.automation.base.TestBase - Verified the page is  loaded
2022-07-12 12:58:42,977 [main] INFO  com.em2m.automation.base.TestBase - trying to login with invalid credentials
2022-07-12 12:58:44,522 [main] INFO  com.em2m.automation.base.TestBase - verifying the error message
2022-07-12 12:58:45,318 [main] INFO  com.em2m.automation.base.TestBase - Verified the page is  loaded
2022-07-12 12:58:45,444 [main] INFO  com.em2m.automation.base.TestBase - trying to login with valid credentials
2022-07-12 12:58:46,946 [main] INFO  com.em2m.automation.base.TestBase - verifying the user is successfully login
2022-07-12 12:58:53,192 [main] INFO  com.em2m.automation.base.TestBase - launching the URL
2022-07-12 12:58:57,991 [main] INFO  com.em2m.automation.base.TestBase - Verified the page is  loaded
2022-07-12 12:59:00,982 [main] INFO  com.em2m.automation.base.TestBase - Clicking on Root Button On Header to navigating to Root Page
2022-07-12 12:59:09,653 [main] INFO  com.em2m.automation.base.TestBase - Clicking on hamburger button
2022-07-12 13:01:08,244 [main] INFO  com.em2m.automation.base.TestBase - launching the URL
2022-07-12 13:01:14,614 [main] INFO  com.em2m.automation.base.TestBase - Verified the page is  loaded
2022-07-12 13:01:16,775 [main] INFO  com.em2m.automation.base.TestBase - Verified the page is  loaded
2022-07-12 13:01:16,893 [main] INFO  com.em2m.automation.base.TestBase - trying to login with invalid credentials
2022-07-12 13:01:18,421 [main] INFO  com.em2m.automation.base.TestBase - verifying the error message
2022-07-12 13:01:19,273 [main] INFO  com.em2m.automation.base.TestBase - Verified the page is  loaded
2022-07-12 13:01:19,394 [main] INFO  com.em2m.automation.base.TestBase - trying to login with valid credentials
2022-07-12 13:01:20,874 [main] INFO  com.em2m.automation.base.TestBase - verifying the user is successfully login
2022-07-12 13:01:27,066 [main] INFO  com.em2m.automation.base.TestBase - launching the URL
2022-07-12 13:01:31,874 [main] INFO  com.em2m.automation.base.TestBase - Verified the page is  loaded
2022-07-12 13:01:34,805 [main] INFO  com.em2m.automation.base.TestBase - Clicking on Root Button On Header to navigating to Root Page
2022-07-12 13:01:44,036 [main] INFO  com.em2m.automation.base.TestBase - Clicking on hamburger button
2022-07-12 13:26:02,545 [main] INFO  com.em2m.automation.base.TestBase - launching the URL
2022-07-12 13:26:08,609 [main] INFO  com.em2m.automation.base.TestBase - Verified the page is  loaded
2022-07-12 13:26:10,941 [main] INFO  com.em2m.automation.base.TestBase - Verified the page is  loaded
2022-07-12 13:26:11,046 [main] INFO  com.em2m.automation.base.TestBase - trying to login with invalid credentials
2022-07-12 13:26:12,555 [main] INFO  com.em2m.automation.base.TestBase - verifying the error message
2022-07-12 13:26:13,411 [main] INFO  com.em2m.automation.base.TestBase - Verified the page is  loaded
2022-07-12 13:26:13,564 [main] INFO  com.em2m.automation.base.TestBase - trying to login with valid credentials
2022-07-12 13:26:15,102 [main] INFO  com.em2m.automation.base.TestBase - verifying the user is successfully login
2022-07-12 13:26:20,066 [main] INFO  com.em2m.automation.base.TestBase - launching the URL
2022-07-12 13:26:24,815 [main] INFO  com.em2m.automation.base.TestBase - Verified the page is  loaded
2022-07-12 13:26:27,874 [main] INFO  com.em2m.automation.base.TestBase - verifying the user is successfully login
2022-07-12 13:26:33,274 [main] INFO  com.em2m.automation.base.TestBase - Clicking on Root Button On Header to navigating to Root Page
2022-07-12 13:26:36,851 [main] INFO  com.em2m.automation.base.TestBase - Clicking on hamburger button
2022-07-12 13:29:33,550 [main] INFO  com.em2m.automation.base.TestBase - launching the URL
2022-07-12 13:29:39,571 [main] INFO  com.em2m.automation.base.TestBase - Verified the page is  loaded
2022-07-12 13:29:41,067 [main] INFO  com.em2m.automation.base.TestBase - Verified the page is  loaded
2022-07-12 13:29:41,163 [main] INFO  com.em2m.automation.base.TestBase - trying to login with invalid credentials
2022-07-12 13:29:42,630 [main] INFO  com.em2m.automation.base.TestBase - verifying the error message
2022-07-12 13:29:43,487 [main] INFO  com.em2m.automation.base.TestBase - Verified the page is  loaded
2022-07-12 13:29:43,636 [main] INFO  com.em2m.automation.base.TestBase - trying to login with valid credentials
2022-07-12 13:29:45,077 [main] INFO  com.em2m.automation.base.TestBase - verifying the user is successfully login
2022-07-12 13:29:49,938 [main] INFO  com.em2m.automation.base.TestBase - launching the URL
2022-07-12 13:29:54,712 [main] INFO  com.em2m.automation.base.TestBase - Verified the page is  loaded
2022-07-12 13:29:57,780 [main] INFO  com.em2m.automation.base.TestBase - verifying the user is successfully login
2022-07-12 13:30:02,926 [main] INFO  com.em2m.automation.base.TestBase - Clicking on Root Button On Header to navigating to Root Page
2022-07-12 13:32:54,709 [main] INFO  com.em2m.automation.base.TestBase - launching the URL
2022-07-12 13:33:01,854 [main] INFO  com.em2m.automation.base.TestBase - Verified the page is  loaded
2022-07-12 13:33:04,264 [main] INFO  com.em2m.automation.base.TestBase - Verified the page is  loaded
2022-07-12 13:33:04,444 [main] INFO  com.em2m.automation.base.TestBase - trying to login with invalid credentials
2022-07-12 13:33:06,093 [main] INFO  com.em2m.automation.base.TestBase - verifying the error message
2022-07-12 13:33:06,905 [main] INFO  com.em2m.automation.base.TestBase - Verified the page is  loaded
2022-07-12 13:33:07,030 [main] INFO  com.em2m.automation.base.TestBase - trying to login with valid credentials
2022-07-12 13:33:09,507 [main] INFO  com.em2m.automation.base.TestBase - verifying the user is successfully login
2022-07-12 13:34:18,827 [main] INFO  com.em2m.automation.base.TestBase - launching the URL
2022-07-12 13:34:25,080 [main] INFO  com.em2m.automation.base.TestBase - Verified the page is  loaded
2022-07-12 13:34:27,226 [main] INFO  com.em2m.automation.base.TestBase - Verified the page is  loaded
2022-07-12 13:34:27,342 [main] INFO  com.em2m.automation.base.TestBase - trying to login with invalid credentials
2022-07-12 13:34:28,836 [main] INFO  com.em2m.automation.base.TestBase - verifying the error message
2022-07-12 13:34:29,634 [main] INFO  com.em2m.automation.base.TestBase - Verified the page is  loaded
2022-07-12 13:34:29,818 [main] INFO  com.em2m.automation.base.TestBase - trying to login with valid credentials
2022-07-12 13:34:31,324 [main] INFO  com.em2m.automation.base.TestBase - verifying the user is successfully login
2022-07-12 15:12:30,506 [main] INFO  com.em2m.automation.base.TestBase - launching the URL
2022-07-12 15:12:41,382 [main] INFO  com.em2m.automation.base.TestBase - Verified the page is  loaded
2022-07-12 15:12:44,236 [main] INFO  com.em2m.automation.base.TestBase - Verified the page is  loaded
2022-07-12 15:12:44,480 [main] INFO  com.em2m.automation.base.TestBase - trying to login with invalid credentials
2022-07-12 15:12:46,609 [main] INFO  com.em2m.automation.base.TestBase - verifying the error message
2022-07-12 15:12:47,617 [main] INFO  com.em2m.automation.base.TestBase - Verified the page is  loaded
2022-07-12 15:12:47,787 [main] INFO  com.em2m.automation.base.TestBase - trying to login with valid credentials
2022-07-12 15:12:49,621 [main] INFO  com.em2m.automation.base.TestBase - verifying the user is successfully login
2022-07-12 15:12:58,176 [main] INFO  com.em2m.automation.base.TestBase - launching the URL
2022-07-12 15:13:04,030 [main] INFO  com.em2m.automation.base.TestBase - Verified the page is  loaded
2022-07-12 15:13:07,607 [main] INFO  com.em2m.automation.base.TestBase - verifying the user is successfully login
2022-07-12 15:13:13,475 [main] INFO  com.em2m.automation.base.TestBase - Clicking on Root Button On Header to navigating to Root Page
2022-07-12 15:13:18,129 [main] INFO  com.em2m.automation.base.TestBase - Clicking on hamburger button
2022-07-14 14:10:59,464 [main] INFO  com.em2m.automation.base.TestBase - launching the URL
2022-07-14 14:11:08,839 [main] INFO  com.em2m.automation.base.TestBase - Verified the page is loaded
2022-07-14 14:11:12,032 [main] INFO  com.em2m.automation.base.TestBase - Verified the page is loaded
2022-07-14 14:11:12,216 [main] INFO  com.em2m.automation.base.TestBase - trying to login with invalid credentials
2022-07-14 14:11:14,259 [main] INFO  com.em2m.automation.base.TestBase - verifying the error message
2022-07-14 14:11:15,182 [main] INFO  com.em2m.automation.base.TestBase - Verified the page is loaded
2022-07-14 14:11:15,306 [main] INFO  com.em2m.automation.base.TestBase - trying to login with valid credentials
2022-07-14 14:11:16,861 [main] INFO  com.em2m.automation.base.TestBase - verifying the user is successfully login
2022-07-14 14:11:24,393 [main] INFO  com.em2m.automation.base.TestBase - launching the URL
2022-07-14 14:11:29,329 [main] INFO  com.em2m.automation.base.TestBase - Verified the page is loaded
2022-07-14 14:11:32,860 [main] INFO  com.em2m.automation.base.TestBase - verifying the user is successfully login
2022-07-14 14:11:38,293 [main] INFO  com.em2m.automation.base.TestBase - Clicking on Root Button On Header to navigating to Root Page
2022-07-14 14:11:42,881 [main] INFO  com.em2m.automation.base.TestBase - Clicking on hamburger button
2022-07-14 19:17:28,130 [main] INFO  com.em2m.automation.base.TestBase - launching the URL
2022-07-14 19:26:08,996 [main] INFO  com.em2m.automation.base.TestBase - launching the URL
2022-07-14 19:26:22,643 [main] INFO  com.em2m.automation.base.TestBase - Checking workspace name on header 
2022-07-14 19:29:37,192 [main] INFO  com.em2m.automation.base.TestBase - launching the URL
2022-07-14 19:29:51,091 [main] INFO  com.em2m.automation.base.TestBase - Checking workspace name on header 
2022-07-14 19:33:05,768 [main] INFO  com.em2m.automation.base.TestBase - launching the URL
2022-07-14 19:33:18,755 [main] INFO  com.em2m.automation.base.TestBase - Checking workspace name on header 
2022-07-14 19:33:24,197 [main] INFO  com.em2m.automation.base.TestBase - user is on desired workspace
2022-07-14 19:33:24,201 [main] INFO  com.em2m.automation.base.TestBase - Clicking on Root Button On Header to navigating to Root Page
2022-07-14 19:41:26,683 [main] INFO  com.em2m.automation.base.TestBase - launching the URL
2022-07-14 19:41:40,219 [main] INFO  com.em2m.automation.base.TestBase - Checking workspace name on header 
2022-07-14 19:41:45,604 [main] INFO  com.em2m.automation.base.TestBase - user is on desired workspace
2022-07-14 19:41:45,607 [main] INFO  com.em2m.automation.base.TestBase - Clicking on Root Button On Header to navigating to Root Page
2022-07-14 20:05:49,477 [main] INFO  com.em2m.automation.base.TestBase - launching the URL
2022-07-14 20:06:04,954 [main] INFO  com.em2m.automation.base.TestBase - Checking workspace name on header 
2022-07-14 20:14:25,015 [main] INFO  com.em2m.automation.base.TestBase - launching the URL
2022-07-14 20:14:38,546 [main] INFO  com.em2m.automation.base.TestBase - Checking workspace name on header 
2022-07-14 20:15:58,260 [main] INFO  com.em2m.automation.base.TestBase - launching the URL
2022-07-14 20:16:10,588 [main] INFO  com.em2m.automation.base.TestBase - Checking workspace name on header 
2022-07-14 20:16:16,681 [main] INFO  com.em2m.automation.base.TestBase - user is on desired workspace
2022-07-14 20:16:16,685 [main] INFO  com.em2m.automation.base.TestBase - Clicking on Root Button On Header to navigating to Root Page
2022-07-14 20:16:18,089 [main] INFO  com.em2m.automation.PageObjects.HomePage - user is on selected organization PageRoot
2022-07-14 20:16:18,091 [main] INFO  com.em2m.automation.base.TestBase - Navigating on workspace from menu
2022-07-14 20:23:10,251 [main] INFO  com.em2m.automation.base.TestBase - launching the URL
2022-07-14 20:23:23,431 [main] INFO  com.em2m.automation.base.TestBase - Checking workspace name on header 
2022-07-14 20:23:29,349 [main] INFO  com.em2m.automation.base.TestBase - user is on desired workspace
2022-07-14 20:23:29,356 [main] INFO  com.em2m.automation.base.TestBase - Clicking on Root Button On Header to navigating to Root Page
2022-07-14 20:23:30,693 [main] INFO  com.em2m.automation.PageObjects.HomePage - user is on selected organization PageRoot
2022-07-14 20:23:30,695 [main] INFO  com.em2m.automation.base.TestBase - Clicking on hamburger button
2022-07-14 20:23:30,847 [main] INFO  com.em2m.automation.base.TestBase - Navigating on workspace from menu
2022-07-14 20:38:23,359 [main] INFO  com.em2m.automation.base.TestBase - launching the URL
2022-07-14 20:38:38,104 [main] INFO  com.em2m.automation.base.TestBase - Checking workspace name on header 
2022-07-14 20:38:44,107 [main] INFO  com.em2m.automation.base.TestBase - user is on desired workspace
2022-07-14 20:38:44,111 [main] INFO  com.em2m.automation.base.TestBase - Clicking on Root Button On Header to navigating to Root Page
2022-07-14 20:38:47,798 [main] INFO  com.em2m.automation.PageObjects.HomePage - user is on selected organization PageRoot
2022-07-14 20:38:47,799 [main] INFO  com.em2m.automation.base.TestBase - Clicking on hamburger button
2022-07-14 20:38:47,941 [main] INFO  com.em2m.automation.base.TestBase - Navigating on workspace from menu
